Line 1: The quick brown fox jumps over the lazy dog.
Line 2: Lorem ipsum dolor sit amet, consectetur adipiscing elit.
Line 3: Today is a sunny day in the city park.
Line 4: Random number: 42
Line 5: Hello world!
Line 6: Cats are chasing a laser pointer.
Line 7: Baking cookies is fun.
Line 8: A rainbow appeared after the rain.
Line 9: Coffee tastes better in the morning.
Line 10: Reading books improves your vocabulary.
Line 11: The cat slept on the keyboard.
Line 12: Music can lift your mood.
Line 13: Running in the park is refreshing.
Line 14: Clouds are floating in the blue sky.
Line 15: Pineapples are sweet and tangy.
Line 16: The dog barked at the mailman.
Line 17: Writing code is like solving puzzles.
Line 18: Balloons floated into the sky.
Line 19: Ice cream melts quickly on hot days.
Line 20: Birds are singing in the trees.
Line 21: The river sparkled under the sun.
Line 22: Painting is a relaxing hobby.
Line 23: The clock ticked slowly.
Line 24: Playing chess improves strategy skills.
Line 25: Flowers bloomed in the garden.
Line 26: Water is essential for life.
Line 27: The train arrived on time.
Line 28: Pancakes are delicious with syrup.
Line 29: The moon shone brightly at night.
Line 30: Children laughed while playing.
Line 31: A gentle breeze cooled the afternoon.
Line 32: Baking bread fills the house with aroma.
Line 33: Snowflakes fell silently.
Line 34: The lighthouse guided ships safely.
Line 35: Rain splashed on the windows.
Line 36: The painter mixed colors carefully.
Line 37: Frogs croaked by the pond.
Line 38: The candle flickered in the dark.
Line 39: Stars twinkled in the clear sky.
Line 40: The hammock swayed gently.
Line 41: Butterflies danced over the flowers.
Line 42: The boat floated down the calm river.
Line 43: Kites soared high on windy days.
Line 44: The bakery smelled of fresh bread.
Line 45: Dogs ran happily in the field.
Line 46: The clock struck noon.
Line 47: Clouds painted patterns in the sky.
Line 48: Reading under a tree is relaxing.
Line 49: The wind whistled through the trees.
Line 50: Raindrops created ripples in the pond.
Line 51: Sunflowers turned toward the sun.
Line 52: The bell rang in the distance.
Line 53: Children built sandcastles on the beach.
Line 54: The cat purred on the couch.
Line 55: Hot chocolate warms you in winter.
Line 56: Snow covered the mountain peaks.
Line 57: The fountain splashed water gracefully.
Line 58: A fox trotted across the field.
Line 59: Candles lit the cozy room.
Line 60: The owl hooted at midnight.
Line 61: Leaves rustled in the autumn wind.
Line 62: The dog wagged its tail happily.
Line 63: Fireflies glowed in the garden.
Line 64: The hammock swayed in the summer breeze.
Line 65: Morning dew sparkled on the grass.
Line 66: Waves crashed gently on the shore.
Line 67: The kite danced in the sky.
Line 68: Clouds drifted lazily above.
Line 69: The violin played a soft melody.
Line 70: The cat chased its tail.
Line 71: A rainbow stretched across the horizon.
Line 72: The tea kettle whistled.
Line 73: Birds perched on the fence.
Line 74: The lantern glowed softly.
Line 75: Fresh bread smelled amazing.
Line 76: The children sang happily.
Line 77: The river flowed smoothly.
Line 78: Butterflies landed on flowers.
Line 79: The clock chimed softly.
Line 80: Snowflakes covered the rooftops.
Line 81: The garden was full of colors.
Line 82: The dog slept on the porch.
Line 83: The stars shone bright.
Line 84: Morning fog rolled over the hills.
Line 85: The candlelight flickered.
Line 86: Waves lapped at the shore.
Line 87: The playground echoed with laughter.
Line 88: The cat napped in the sunbeam.
Line 89: The lantern swayed in the wind.
Line 90: Music played softly in the background.
Line 91: The hammock creaked gently.
Line 92: Rain tapped on the windowpane.
Line 93: Leaves fell quietly to the ground.
Line 94: The bakery prepared fresh pastries.
Line 95: The dog barked playfully.
Line 96: Clouds formed unique shapes.
Line 97: The fountain gurgled softly.
Line 98: Fireflies lit up the night.
Line 99: The violin played a calming tune.
Line 100: The sun set behind the hills.